Loading checkpoint shards:   0%|          | 0/6 [00:00<?, ?it/s]Loading checkpoint shards:  17%|█▋        | 1/6 [00:04<00:20,  4.17s/it]Loading checkpoint shards:  33%|███▎      | 2/6 [00:06<00:12,  3.15s/it]Loading checkpoint shards:  50%|█████     | 3/6 [00:09<00:09,  3.02s/it]Loading checkpoint shards:  67%|██████▋   | 4/6 [00:11<00:05,  2.82s/it]Loading checkpoint shards:  83%|████████▎ | 5/6 [00:14<00:02,  2.72s/it]Loading checkpoint shards: 100%|██████████| 6/6 [00:16<00:00,  2.31s/it]Loading checkpoint shards: 100%|██████████| 6/6 [00:16<00:00,  2.67s/it]
Saurav Loaded model and tokenizer in 19.103670120239258 seconds
[2024-07-28 13:49:05,362: DEBUG/MainProcess] | Worker: Preparing bootsteps.
[2024-07-28 13:49:05,363: DEBUG/MainProcess] | Worker: Building graph...
[2024-07-28 13:49:05,363: DEBUG/MainProcess] | Worker: New boot order: {Beat, Timer, Hub, Pool, Autoscaler, StateDB, Consumer}
[2024-07-28 13:49:05,368: DEBUG/MainProcess] | Consumer: Preparing bootsteps.
[2024-07-28 13:49:05,368: DEBUG/MainProcess] | Consumer: Building graph...
[2024-07-28 13:49:05,502: DEBUG/MainProcess] | Consumer: New boot order: {Connection, Agent, Events, Mingle, Gossip, Heart, Tasks, Control, event loop}
 
 -------------- celery@iitb-dgx5.iitb.ac.in v5.2.7 (dawn-chorus)
--- ***** ----- 
-- ******* ---- Linux-5.4.0-174-generic-x86_64-with-glibc2.29 2024-07-28 13:49:05
- *** --- * --- 
- ** ---------- [config]
- ** ---------- .> app:         ai_bodhitree:0x7f095654b130
- ** ---------- .> transport:   redis://localhost:6379/0
- ** ---------- .> results:     redis://localhost:6379/0
- *** --- * --- .> concurrency: 256 (solo)
-- ******* ---- .> task events: OFF (enable -E to monitor tasks in this worker)
--- ***** ----- 
 -------------- [queues]
                .> celery           exchange=celery(direct) key=celery
                

[tasks]
  . ai_bodhitree.celery.debug_task
  . celery.accumulate
  . celery.backend_cleanup
  . celery.chain
  . celery.chord
  . celery.chord_unlock
  . celery.chunks
  . celery.group
  . celery.map
  . celery.starmap
  . llmpredictor.tasks.query_codellama

[2024-07-28 13:49:05,532: DEBUG/MainProcess] | Worker: Starting Hub
[2024-07-28 13:49:05,532: DEBUG/MainProcess] ^-- substep ok
[2024-07-28 13:49:05,532: DEBUG/MainProcess] | Worker: Starting Pool
[2024-07-28 13:49:05,532: DEBUG/MainProcess] ^-- substep ok
[2024-07-28 13:49:05,532: DEBUG/MainProcess] | Worker: Starting Consumer
[2024-07-28 13:49:05,532: DEBUG/MainProcess] | Consumer: Starting Connection
[2024-07-28 13:49:05,535: INFO/MainProcess] Connected to redis://localhost:6379/0
[2024-07-28 13:49:05,535: DEBUG/MainProcess] ^-- substep ok
[2024-07-28 13:49:05,535: DEBUG/MainProcess] | Consumer: Starting Events
[2024-07-28 13:49:05,536: DEBUG/MainProcess] ^-- substep ok
[2024-07-28 13:49:05,536: DEBUG/MainProcess] | Consumer: Starting Mingle
[2024-07-28 13:49:05,536: INFO/MainProcess] mingle: searching for neighbors
[2024-07-28 13:49:06,541: INFO/MainProcess] mingle: all alone
[2024-07-28 13:49:06,541: DEBUG/MainProcess] ^-- substep ok
[2024-07-28 13:49:06,541: DEBUG/MainProcess] | Consumer: Starting Gossip
[2024-07-28 13:49:06,542: DEBUG/MainProcess] ^-- substep ok
[2024-07-28 13:49:06,542: DEBUG/MainProcess] | Consumer: Starting Heart
[2024-07-28 13:49:06,543: DEBUG/MainProcess] ^-- substep ok
[2024-07-28 13:49:06,543: DEBUG/MainProcess] | Consumer: Starting Tasks
[2024-07-28 13:49:06,545: DEBUG/MainProcess] ^-- substep ok
[2024-07-28 13:49:06,545: DEBUG/MainProcess] | Consumer: Starting Control
[2024-07-28 13:49:06,546: DEBUG/MainProcess] ^-- substep ok
[2024-07-28 13:49:06,546: DEBUG/MainProcess] | Consumer: Starting event loop
[2024-07-28 13:49:06,546: DEBUG/MainProcess] | Worker: Hub.register Pool...
[2024-07-28 13:49:06,546: WARNING/MainProcess] /raid/ganesh/nagakalyani/nagakalyani/autograding/huggingface_codellama/bodhitree_ai/myenv/lib/python3.8/site-packages/celery/fixups/django.py:203: UserWarning: Using settings.DEBUG leads to a memory
            leak, never use this setting in production environments!
  warnings.warn('''Using settings.DEBUG leads to a memory

[2024-07-28 13:49:06,546: INFO/MainProcess] celery@iitb-dgx5.iitb.ac.in ready.
[2024-07-28 13:49:06,546: DEBUG/MainProcess] basic.qos: prefetch_count->1024

worker: Hitting Ctrl+C again will terminate all running tasks!

worker: Warm shutdown (MainProcess)
[2024-07-28 13:50:19,682: DEBUG/MainProcess] | Worker: Closing Hub...
[2024-07-28 13:50:19,682: DEBUG/MainProcess] | Worker: Closing Pool...
[2024-07-28 13:50:19,682: DEBUG/MainProcess] | Worker: Closing Consumer...
[2024-07-28 13:50:19,682: DEBUG/MainProcess] | Worker: Stopping Consumer...
[2024-07-28 13:50:19,682: DEBUG/MainProcess] | Consumer: Closing Connection...
[2024-07-28 13:50:19,682: DEBUG/MainProcess] | Consumer: Closing Events...
[2024-07-28 13:50:19,682: DEBUG/MainProcess] | Consumer: Closing Mingle...
[2024-07-28 13:50:19,682: DEBUG/MainProcess] | Consumer: Closing Gossip...
[2024-07-28 13:50:19,682: DEBUG/MainProcess] | Consumer: Closing Heart...
[2024-07-28 13:50:19,682: DEBUG/MainProcess] | Consumer: Closing Tasks...
[2024-07-28 13:50:19,682: DEBUG/MainProcess] | Consumer: Closing Control...
[2024-07-28 13:50:19,682: DEBUG/MainProcess] | Consumer: Closing event loop...
[2024-07-28 13:50:19,682: DEBUG/MainProcess] | Consumer: Stopping event loop...
[2024-07-28 13:50:19,682: DEBUG/MainProcess] | Consumer: Stopping Control...
[2024-07-28 13:50:19,683: DEBUG/MainProcess] | Consumer: Stopping Tasks...
[2024-07-28 13:50:19,683: DEBUG/MainProcess] Canceling task consumer...
[2024-07-28 13:50:19,683: DEBUG/MainProcess] | Consumer: Stopping Heart...
[2024-07-28 13:50:19,683: DEBUG/MainProcess] | Consumer: Stopping Gossip...
[2024-07-28 13:50:19,684: DEBUG/MainProcess] | Consumer: Stopping Mingle...
[2024-07-28 13:50:19,684: DEBUG/MainProcess] | Consumer: Stopping Events...
[2024-07-28 13:50:19,684: DEBUG/MainProcess] | Consumer: Stopping Connection...
[2024-07-28 13:50:19,684: DEBUG/MainProcess] | Worker: Stopping Pool...
[2024-07-28 13:50:19,684: DEBUG/MainProcess] | Worker: Stopping Hub...
[2024-07-28 13:50:19,684: DEBUG/MainProcess] | Consumer: Shutdown Control...
[2024-07-28 13:50:19,684: DEBUG/MainProcess] | Consumer: Shutdown Tasks...
[2024-07-28 13:50:19,684: DEBUG/MainProcess] Canceling task consumer...
[2024-07-28 13:50:19,684: DEBUG/MainProcess] Closing consumer channel...
[2024-07-28 13:50:19,684: DEBUG/MainProcess] | Consumer: Shutdown Heart...
[2024-07-28 13:50:19,684: DEBUG/MainProcess] | Consumer: Shutdown Gossip...
[2024-07-28 13:50:19,684: DEBUG/MainProcess] | Consumer: Shutdown Events...
[2024-07-28 13:50:19,684: DEBUG/MainProcess] | Consumer: Shutdown Connection...
[2024-07-28 13:50:19,687: WARNING/MainProcess] Cleaned up resources.
[2024-07-28 13:50:19,687: WARNING/MainProcess] Cleaned up resources.
